Release 9.1i - xst J.30
Copyright (c) 1995-2007 Xilinx, Inc.  All rights reserved.
--> Parameter TMPDIR set to ./xst/projnav.tmp
CPU : 0.00 / 0.17 s | Elapsed : 0.00 / 1.00 s
 
--> Parameter xsthdpdir set to ./xst
CPU : 0.00 / 0.17 s | Elapsed : 0.00 / 1.00 s
 
--> Reading design: count4.prj

TABLE OF CONTENTS
  1) Synthesis Options Summary
  2) HDL Compilation
  3) Design Hierarchy Analysis
  4) HDL Analysis
  5) HDL Synthesis
     5.1) HDL Synthesis Report
  6) Advanced HDL Synthesis
     6.1) Advanced HDL Synthesis Report
  7) Low Level Synthesis
  8) Partition Report
  9) Final Report
     9.1) Device utilization summary
     9.2) Partition Resource Summary
     9.3) TIMING REPORT


=========================================================================
*                      Synthesis Options Summary                        *
=========================================================================
---- Source Parameters
Input File Name                    : "count4.prj"
Input Format                       : mixed
Ignore Synthesis Constraint File   : NO

---- Target Parameters
Output File Name                   : "count4"
Output Format                      : NGC
Target Device                      : xc3s500e-4-pq208

---- Source Options
Top Module Name                    : count4
Automatic FSM Extraction           : YES
FSM Encoding Algorithm             : Auto
Safe Implementation                : No
FSM Style                          : lut
RAM Extraction                     : Yes
RAM Style                          : Auto
ROM Extraction                     : Yes
Mux Style                          : Auto
Decoder Extraction                 : YES
Priority Encoder Extraction        : YES
Shift Register Extraction          : YES
Logical Shifter Extraction         : YES
XOR Collapsing                     : YES
ROM Style                          : Auto
Mux Extraction                     : YES
Resource Sharing                   : YES
Asynchronous To Synchronous        : NO
Multiplier Style                   : auto
Automatic Register Balancing       : No

---- Target Options
Add IO Buffers                     : YES
Global Maximum Fanout              : 500
Add Generic Clock Buffer(BUFG)     : 24
Register Duplication               : YES
Slice Packing                      : YES
Optimize Instantiated Primitives   : NO
Use Clock Enable                   : Yes
Use Synchronous Set                : Yes
Use Synchronous Reset              : Yes
Pack IO Registers into IOBs        : auto
Equivalent register Removal        : YES

---- General Options
Optimization Goal                  : Speed
Optimization Effort                : 1
Library Search Order               : count4.lso
Keep Hierarchy                     : NO
RTL Output                         : Yes
Global Optimization                : AllClockNets
Read Cores                         : YES
Write Timing Constraints           : NO
Cross Clock Analysis               : NO
Hierarchy Separator                : /
Bus Delimiter                      : <>
Case Specifier                     : maintain
Slice Utilization Ratio            : 100
BRAM Utilization Ratio             : 100
Verilog 2001                       : YES
Auto BRAM Packing                  : NO
Slice Utilization Ratio Delta      : 5

=========================================================================


=========================================================================
*                          HDL Compilation                              *
=========================================================================
Compiling vhdl file "C:/Xilinx91i/receive/count4.vhd" in Library work.
Entity <count4> compiled.
Entity <count4> (Architecture <Behavioral>) compiled.

=========================================================================
*                     Design Hierarchy Analysis                         *
=========================================================================
Analyzing hierarchy for entity <count4> in library <work> (architecture <Behavioral>).


=========================================================================
*                            HDL Analysis                               *
=========================================================================
Analyzing Entity <count4> in library <work> (Architecture <Behavioral>).
Entity <count4> analyzed. Unit <count4> generated.


=========================================================================
*                           HDL Synthesis                               *
=========================================================================

Performing bidirectional port resolution...

Synthesizing Unit <count4>.
    Related source file is "C:/Xilinx91i/receive/count4.vhd".
WARNING:Xst - Property "use_dsp48" is not applicable for this technology.
    Found 4-bit register for signal <q>.
    Found 32-bit up counter for signal <num>.
    Found 4-bit adder for signal <q$add0000> created at line 50.
    Summary:
	inferred   1 Counter(s).
	inferred   4 D-type flip-flop(s).
	inferred   1 Adder/Subtractor(s).
Unit <count4> synthesized.


=========================================================================
HDL Synthesis Report

Macro Statistics
# Adders/Subtractors                                   : 1
 4-bit adder                                           : 1
# Counters                                             : 1
 32-bit up counter                                     : 1
# Registers                                            : 1
 4-bit register                                        : 1

=========================================================================

=========================================================================
*                       Advanced HDL Synthesis                          *
=========================================================================

Loading device for application Rf_Device from file '3s500e.nph' in environment C:\Xilinx91i.

=========================================================================
Advanced HDL Synthesis Report

Macro Statistics
# Adders/Subtractors                                   : 1
 4-bit adder                                           : 1
# Counters                                             : 1
 32-bit up counter                                     : 1
# Registers                                            : 4
 Flip-Flops                                            : 4

=========================================================================

=========================================================================
*                         Low Level Synthesis                           *
=========================================================================
WARNING:Xst:2677 - Node <num_4> of sequential type is unconnected in block <count4>.
WARNING:Xst:2677 - Node <num_5> of sequential type is unconnected in block <count4>.
WARNING:Xst:2677 - Node <num_6> of sequential type is unconnected in block <count4>.
WARNING:Xst:2677 - Node <num_7> of sequential type is unconnected in block <count4>.
WARNING:Xst:2677 - Node <num_8> of sequential type is unconnected in block <count4>.
WARNING:Xst:2677 - Node <num_9> of sequential type is unconnected in block <count4>.
WARNING:Xst:2677 - Node <num_10> of sequential type is unconnected in block <count4>.
WARNING:Xst:2677 - Node <num_11> of sequential type is unconnected in block <count4>.
WARNING:Xst:2677 - Node <num_12> of sequential type is unconnected in block <count4>.
WARNING:Xst:2677 - Node <num_13> of sequential type is unconnected in block <count4>.
WARNING:Xst:2677 - Node <num_14> of sequential type is unconnected in block <count4>.
WARNING:Xst:2677 - Node <num_15> of sequential type is unconnected in block <count4>.
WARNING:Xst:2677 - Node <num_16> of sequential type is unconnected in block <count4>.
WARNING:Xst:2677 - Node <num_17> of sequential type is unconnected in block <count4>.
WARNING:Xst:2677 - Node <num_18> of sequential type is unconnected in block <count4>.
WARNING:Xst:2677 - Node <num_19> of sequential type is unconnected in block <count4>.
WARNING:Xst:2677 - Node <num_20> of sequential type is unconnected in block <count4>.
WARNING:Xst:2677 - Node <num_21> of sequential type is unconnected in block <count4>.
WARNING:Xst:2677 - Node <num_22> of sequential type is unconnected in block <count4>.
WARNING:Xst:2677 - Node <num_23> of sequential type is unconnected in block <count4>.
WARNING:Xst:2677 - Node <num_24> of sequential type is unconnected in block <count4>.
WARNING:Xst:2677 - Node <num_25> of sequential type is unconnected in block <count4>.
WARNING:Xst:2677 - Node <num_26> of sequential type is unconnected in block <count4>.
WARNING:Xst:2677 - Node <num_27> of sequential type is unconnected in block <count4>.
WARNING:Xst:2677 - Node <num_28> of sequential type is unconnected in block <count4>.
WARNING:Xst:2677 - Node <num_29> of sequential type is unconnected in block <count4>.
WARNING:Xst:2677 - Node <num_30> of sequential type is unconnected in block <count4>.
WARNING:Xst:2677 - Node <num_31> of sequential type is unconnected in block <count4>.

Optimizing unit <count4> ...

Mapping all equations...
Building and optimizing final netlist ...
Found area constraint ratio of 100 (+ 5) on block count4, actual ratio is 0.

Final Macro Processing ...

=========================================================================
Final Register Report

Macro Statistics
# Registers                                            : 8
 Flip-Flops                                            : 8

=========================================================================

=========================================================================
*                          Partition Report                             *
=========================================================================

Partition Implementation Status
-------------------------------

  No Partitions were found in this design.

-------------------------------

=========================================================================
*                            Final Report                               *
=========================================================================
Final Results
RTL Top Level Output File Name     : count4.ngr
Top Level Output File Name         : count4
Output Format                      : NGC
Optimization Goal                  : Speed
Keep Hierarchy                     : NO

Design Statistics
# IOs                              : 6

Cell Usage :
# BELS                             : 17
#      GND                         : 1
#      INV                         : 3
#      LUT1                        : 3
#      LUT2                        : 1
#      LUT3                        : 1
#      LUT4                        : 1
#      MUXCY                       : 3
#      VCC                         : 1
#      XORCY                       : 3
# FlipFlops/Latches                : 8
#      FDC                         : 4
#      FDC_1                       : 4
# Clock Buffers                    : 1
#      BUFGP                       : 1
# IO Buffers                       : 5
#      IBUF                        : 1
#      OBUF                        : 4
=========================================================================

Device utilization summary:
---------------------------

Selected Device : 3s500epq208-4 

 Number of Slices:                       4  out of   4656     0%  
 Number of Slice Flip Flops:             8  out of   9312     0%  
 Number of 4 input LUTs:                 9  out of   9312     0%  
 Number of IOs:                          6
 Number of bonded IOBs:                  6  out of    158     3%  
 Number of GCLKs:                        1  out of     24     4%  

---------------------------
Partition Resource Summary:
---------------------------

  No Partitions were found in this design.

---------------------------


=========================================================================
TIMING REPORT

NOTE: THESE TIMING NUMBERS ARE ONLY A SYNTHESIS ESTIMATE.
      FOR ACCURATE TIMING INFORMATION PLEASE REFER TO THE TRACE REPORT
      GENERATED AFTER PLACE-and-ROUTE.

Clock Information:
------------------
-----------------------------------+------------------------+-------+
Clock Signal                       | Clock buffer(FF name)  | Load  |
-----------------------------------+------------------------+-------+
clk                                | BUFGP                  | 8     |
-----------------------------------+------------------------+-------+

Asynchronous Control Signals Information:
----------------------------------------
-----------------------------------+------------------------+-------+
Control Signal                     | Buffer(FF name)        | Load  |
-----------------------------------+------------------------+-------+
clrn_inv(clrn_inv1_INV_0:O)        | NONE(num_1)            | 8     |
-----------------------------------+------------------------+-------+

Timing Summary:
---------------
Speed Grade: -4

   Minimum period: 3.692ns (Maximum Frequency: 270.856MHz)
   Minimum input arrival time before clock: No path found
   Maximum output required time after clock: 4.283ns
   Maximum combinational path delay: No path found

Timing Detail:
--------------
All values displayed in nanoseconds (ns)

=========================================================================
Timing constraint: Default period analysis for Clock 'clk'
  Clock period: 3.692ns (frequency: 270.856MHz)
  Total number of paths / destination ports: 20 / 8
-------------------------------------------------------------------------
Delay:               3.692ns (Levels of Logic = 4)
  Source:            num_1 (FF)
  Destination:       num_3 (FF)
  Source Clock:      clk falling
  Destination Clock: clk falling

  Data Path: num_1 to num_3
                                Gate     Net
    Cell:in->out      fanout   Delay   Delay  Logical Name (Net Name)
    ----------------------------------------  ------------
     FDC:C->Q              4   0.591   0.762  num_1 (num_1)
     LUT1:I0->O            1   0.704   0.000  Mcount_num_cy<1>_rt (Mcount_num_cy<1>_rt)
     MUXCY:S->O            1   0.464   0.000  Mcount_num_cy<1> (Mcount_num_cy<1>)
     MUXCY:CI->O           0   0.059   0.000  Mcount_num_cy<2> (Mcount_num_cy<2>)
     XORCY:CI->O           1   0.804   0.000  Mcount_num_xor<3> (Result<3>)
     FDC:D                     0.308          num_3
    ----------------------------------------
    Total                      3.692ns (2.930ns logic, 0.762ns route)
                                       (79.4% logic, 20.6% route)

=========================================================================
Timing constraint: Default OFFSET OUT AFTER for Clock 'clk'
  Total number of paths / destination ports: 4 / 4
-------------------------------------------------------------------------
Offset:              4.283ns (Levels of Logic = 1)
  Source:            q_3 (FF)
  Destination:       q<3> (PAD)
  Source Clock:      clk falling

  Data Path: q_3 to q<3>
                                Gate     Net
    Cell:in->out      fanout   Delay   Delay  Logical Name (Net Name)
    ----------------------------------------  ------------
     FDC_1:C->Q            1   0.591   0.420  q_3 (q_3)
     OBUF:I->O                 3.272          q_3_OBUF (q<3>)
    ----------------------------------------
    Total                      4.283ns (3.863ns logic, 0.420ns route)
                                       (90.2% logic, 9.8% route)

=========================================================================
CPU : 3.44 / 3.64 s | Elapsed : 3.00 / 4.00 s
 
--> 

Total memory usage is 155636 kilobytes

Number of errors   :    0 (   0 filtered)
Number of warnings :   29 (   0 filtered)
Number of infos    :    0 (   0 filtered)

